<?xml version="1.0" encoding="UTF-8"?>
<!-- Generated by org.testng.reporters.JUnitXMLReporter -->
<testsuite ignored="1" hostname="INMFQAIQE" failures="0" tests="1" name="Default test" time="53.793" errors="0" timestamp="2023-06-07T11:22:42 IST">
  <testcase classname="finalmyyatra.testcases.YatraIndexTest" name="searchFlight" time="10.888"/>
  <testcase classname="finalmyyatra.testcases.YatraIndexTest" name="titleConfirm" time="0.0">
    <ignored/>
  </testcase> <!-- titleConfirm -->
</testsuite> <!-- Default test -->
