<?xml version="1.0" encoding="UTF-8"?>
<!-- Generated by org.testng.reporters.JUnitXMLReporter -->
<testsuite ignored="1" hostname="INMFQAIQE" failures="0" tests="1" name="Default test" time="43.034" errors="0" timestamp="2023-06-08T13:57:47 IST">
  <testcase classname="finalmyyatra.testcases.YatraIndexTest" name="searchFlight" time="4.981"/>
  <testcase classname="finalmyyatra.testcases.YatraIndexTest" name="titleConfirm" time="0.0">
    <ignored/>
  </testcase> <!-- titleConfirm -->
</testsuite> <!-- Default test -->
