<?xml version="1.0" encoding="UTF-8"?>
<!-- Generated by org.testng.reporters.JUnitXMLReporter -->
<testsuite ignored="2" hostname="INMFQAIQE" failures="0" tests="3" name="Test" time="55.871" errors="0" timestamp="2023-06-05T16:44:17 IST">
  <testcase classname="finalmyyatra.testcases.YatraIndexTest" name="searchFlight" time="6.156"/>
  <testcase classname="finalmyyatra.testcases.YatraIndexTest" name="titleConfirm" time="0.013"/>
  <testcase classname="finalmyyatra.testcases.YatraSearchDateTest" name="dateCheck" time="12.461"/>
  <testcase classname="finalmyyatra.base.BaseClass" name="@AfterSuite endExtent" time="0.0">
    <ignored/>
  </testcase> <!-- @AfterSuite endExtent -->
  <testcase classname="finalmyyatra.base.BaseClass" name="@BeforeSuite loadConfig" time="0.0">
    <ignored/>
  </testcase> <!-- @BeforeSuite loadConfig -->
</testsuite> <!-- Test -->
