<?xml version="1.0" encoding="UTF-8"?>
<!-- Generated by org.testng.reporters.JUnitXMLReporter -->
<testsuite ignored="2" hostname="INMFQAIQE" failures="0" tests="3" name="Test" time="0.058" errors="0" timestamp="2023-06-03T14:34:55 IST">
  <testcase classname="finalmyyatra.testcases.YatraIndexTest" name="@BeforeMethod setUp" time="0.0">
    <failure type="java.lang.NullPointerException" message="Cannot invoke &amp;quot;String.equalsIgnoreCase(String)&amp;quot; because the return value of &amp;quot;java.lang.System.getProperty(String)&amp;quot; is null">
      <![CDATA[java.lang.NullPointerException: Cannot invoke "String.equalsIgnoreCase(String)" because the return value of "java.lang.System.getProperty(String)" is null
at finalmyyatra.base.BaseClass.launchBrowser(BaseClass.java:32)
at finalmyyatra.testcases.YatraIndexTest.setUp(YatraIndexTest.java:15)
at java.base/java.util.ArrayList.forEach(ArrayList.java:1511)
... Removed 31 stack frames]]>
    </failure>
  </testcase> <!-- @BeforeMethod setUp -->
  <testcase classname="finalmyyatra.testcases.YatraIndexTest" name="@AfterMethod tearDown" time="-1.6857830952E9">
    <skipped/>
  </testcase> <!-- @AfterMethod tearDown -->
  <testcase classname="finalmyyatra.testcases.YatraIndexTest" name="@BeforeMethod setUp" time="-1.685783095202E9">
    <skipped/>
  </testcase> <!-- @BeforeMethod setUp -->
  <testcase classname="finalmyyatra.testcases.YatraIndexTest" name="@AfterMethod tearDown" time="-1.685783095207E9">
    <skipped/>
  </testcase> <!-- @AfterMethod tearDown -->
  <testcase classname="finalmyyatra.testcases.YatraSearchDateTest" name="@BeforeMethod setUp" time="0.0">
    <failure type="java.lang.NullPointerException" message="Cannot invoke &amp;quot;String.equalsIgnoreCase(String)&amp;quot; because the return value of &amp;quot;java.lang.System.getProperty(String)&amp;quot; is null">
      <![CDATA[java.lang.NullPointerException: Cannot invoke "String.equalsIgnoreCase(String)" because the return value of "java.lang.System.getProperty(String)" is null
at finalmyyatra.base.BaseClass.launchBrowser(BaseClass.java:32)
at finalmyyatra.testcases.YatraSearchDateTest.setUp(YatraSearchDateTest.java:16)
at java.base/java.util.ArrayList.forEach(ArrayList.java:1511)
... Removed 31 stack frames]]>
    </failure>
  </testcase> <!-- @BeforeMethod setUp -->
  <testcase classname="finalmyyatra.testcases.YatraSearchDateTest" name="@AfterMethod tearDown" time="-1.685783095218E9">
    <skipped/>
  </testcase> <!-- @AfterMethod tearDown -->
  <testcase classname="finalmyyatra.testcases.YatraIndexTest" name="searchFlight" time="0.0">
    <skipped/>
  </testcase> <!-- searchFlight -->
  <testcase classname="finalmyyatra.testcases.YatraIndexTest" name="titleConfirm" time="0.0">
    <skipped/>
  </testcase> <!-- titleConfirm -->
  <testcase classname="finalmyyatra.testcases.YatraSearchDateTest" name="dateCheck" time="0.0">
    <skipped/>
  </testcase> <!-- dateCheck -->
  <testcase classname="finalmyyatra.base.BaseClass" name="@AfterSuite closeBrowser" time="0.0">
    <ignored/>
  </testcase> <!-- @AfterSuite closeBrowser -->
  <testcase classname="finalmyyatra.base.BaseClass" name="@BeforeSuite loadConfig" time="0.0">
    <ignored/>
  </testcase> <!-- @BeforeSuite loadConfig -->
</testsuite> <!-- Test -->
