<?xml version="1.0" encoding="UTF-8"?>
<testng-results ignored="1" total="2" passed="1" failed="0" skipped="0">
  <reporter-output>
  </reporter-output>
  <suite started-at="2023-06-07T11:21:48 IST" name="Default suite" finished-at="2023-06-07T11:22:41 IST" duration-ms="53793">
    <groups>
    </groups>
    <test started-at="2023-06-07T11:21:48 IST" name="Default test" finished-at="2023-06-07T11:22:41 IST" duration-ms="53793">
      <class name="finalmyyatra.testcases.YatraIndexTest">
        <test-method is-config="true" signature="loadConfig()[pri:0, instance:finalmyyatra.testcases.YatraIndexTest@1b7cc17c]" started-at="2023-06-07T11:21:47 IST" name="loadConfig" finished-at="2023-06-07T11:21:48 IST" duration-ms="531" status="PASS">
          <reporter-output>
          </reporter-output>
        </test-method> <!-- loadConfig -->
        <test-method is-config="true" signature="setUp()[pri:0, instance:finalmyyatra.testcases.YatraIndexTest@1b7cc17c]" started-at="2023-06-07T11:21:49 IST" name="setUp" finished-at="2023-06-07T11:22:23 IST" duration-ms="34361" status="PASS">
          <reporter-output>
          </reporter-output>
        </test-method> <!-- setUp -->
        <test-method signature="searchFlight(java.lang.String,java.lang.String)[pri:0, instance:finalmyyatra.testcases.YatraIndexTest@1b7cc17c]" started-at="2023-06-07T11:22:23 IST" name="searchFlight" data-provider="test" finished-at="2023-06-07T11:22:34 IST" duration-ms="10888" status="PASS">
          <params>
            <param index="0">
              <value>
                <![CDATA[mumbai]]>
              </value>
            </param>
            <param index="1">
              <value>
                <![CDATA[delhi]]>
              </value>
            </param>
          </params>
          <reporter-output>
          </reporter-output>
        </test-method> <!-- searchFlight -->
        <test-method is-config="true" signature="tearDown()[pri:0, instance:finalmyyatra.testcases.YatraIndexTest@1b7cc17c]" started-at="2023-06-07T11:22:34 IST" name="tearDown" finished-at="2023-06-07T11:22:41 IST" duration-ms="7078" status="PASS">
          <reporter-output>
          </reporter-output>
        </test-method> <!-- tearDown -->
        <test-method is-config="true" signature="endExtent()[pri:0, instance:finalmyyatra.testcases.YatraIndexTest@1b7cc17c]" started-at="2023-06-07T11:22:42 IST" name="endExtent" finished-at="2023-06-07T11:22:42 IST" duration-ms="15" status="PASS">
          <reporter-output>
          </reporter-output>
        </test-method> <!-- endExtent -->
      </class> <!-- finalmyyatra.testcases.YatraIndexTest -->
    </test> <!-- Default test -->
  </suite> <!-- Default suite -->
</testng-results>
